Using pre-set license

 COMMAND LINE ARGUMENTS:
/Applications/Unity/Hub/Editor/2020.3.6f1/Unity.app/Contents/MacOS/Unity
-adb2
-batchMode
-noUpm
-name
AssetImportWorker0
-projectPath
/Users/williambertrand/GameDev/LuxJam
-logFile
Logs/AssetImportWorker0.log
-srvPort
51389
Successfully changed project path to: /Users/williambertrand/GameDev/LuxJam
/Users/williambertrand/GameDev/LuxJam
Using Asset Import Pipeline V2.
Refreshing native plugins compatible for Editor in 41.50 ms, found 2 plugins.
Preloading 0 native plugins for Editor in 0.00 ms.
Initialize engine version: 2020.3.6f1 (338bb68529b2)
[Subsystems] Discovering subsystems at path /Applications/Unity/Hub/Editor/2020.3.6f1/Unity.app/Contents/Resources/UnitySubsystems
[Subsystems] Discovering subsystems at path /Users/williambertrand/GameDev/LuxJam/Assets
GfxDevice: creating device client; threaded=0
2021-09-10 11:43:43.093 Unity[5263:24013807] Color LCD preferred device: AMD Radeon Pro 5300M (high power)
2021-09-10 11:43:43.093 Unity[5263:24013807] Metal devices available: 2
2021-09-10 11:43:43.093 Unity[5263:24013807] 0: AMD Radeon Pro 5300M (high power)
2021-09-10 11:43:43.094 Unity[5263:24013807] 1: Intel(R) UHD Graphics 630 (low power)
2021-09-10 11:43:43.094 Unity[5263:24013807] Using device AMD Radeon Pro 5300M (high power)
Initializing Metal device caps: AMD Radeon Pro 5300M
Initialize mono
Mono path[0] = '/Applications/Unity/Hub/Editor/2020.3.6f1/Unity.app/Contents/Managed'
Mono path[1] = '/Applications/Unity/Hub/Editor/2020.3.6f1/Unity.app/Contents/MonoBleedingEdge/lib/mono/unityjit'
Mono config path = '/Applications/Unity/Hub/Editor/2020.3.6f1/Unity.app/Contents/MonoBleedingEdge/etc'
Using monoOptions --debugger-agent=transport=dt_socket,embedding=1,server=y,suspend=n,address=127.0.0.1:56263
Begin MonoManager ReloadAssembly
Registering precompiled unity dll's ...
Register platform support module: /Applications/Unity/Hub/Editor/2020.3.6f1/PlaybackEngines/WebGLSupport/UnityEditor.WebGL.Extensions.dll
Register platform support module: /Applications/Unity/Hub/Editor/2020.3.6f1/Unity.app/Contents/PlaybackEngines/MacStandaloneSupport/UnityEditor.OSXStandalone.Extensions.dll
Register platform support module: /Applications/Unity/Hub/Editor/2020.3.6f1/PlaybackEngines/WindowsStandaloneSupport/UnityEditor.WindowsStandalone.Extensions.dll
Register platform support module: /Applications/Unity/Hub/Editor/2020.3.6f1/PlaybackEngines/LinuxStandaloneSupport/UnityEditor.LinuxStandalone.Extensions.dll
Registered in 0.004795 seconds.
Native extension for LinuxStandalone target not found
Native extension for WindowsStandalone target not found
Native extension for OSXStandalone target not found
Native extension for WebGL target not found
Refreshing native plugins compatible for Editor in 31.87 ms, found 2 plugins.
Preloading 0 native plugins for Editor in 0.00 ms.
Mono: successfully reloaded assembly
- Completed reload, in  2.707 seconds
Platform modules already initialized, skipping
Registering precompiled user dll's ...
Registered in 0.001584 seconds.
Begin MonoManager ReloadAssembly
Native extension for LinuxStandalone target not found
Native extension for WindowsStandalone target not found
Native extension for OSXStandalone target not found
Native extension for WebGL target not found
Refreshing native plugins compatible for Editor in 30.81 ms, found 2 plugins.
Preloading 0 native plugins for Editor in 0.00 ms.
Mono: successfully reloaded assembly
- Completed reload, in  1.056 seconds
Platform modules already initialized, skipping
========================================================================
Worker process is ready to serve import requests
Launching external process: /Applications/Unity/Hub/Editor/2020.3.6f1/Unity.app/Contents/Tools/UnityShaderCompiler
Launched and connected shader compiler UnityShaderCompiler after 0.01 seconds
Refreshing native plugins compatible for Editor in 0.35 ms, found 2 plugins.
Preloading 0 native plugins for Editor in 0.00 ms.
Unloading 1808 Unused Serialized files (Serialized files now loaded: 0)
System memory in use before: 147.2 MB.
System memory in use after: 147.2 MB.

Unloading 24 unused Assets to reduce memory usage. Loaded Objects now: 2250.
Total: 2.654120 ms (FindLiveObjects: 0.202150 ms CreateObjectMapping: 0.075409 ms MarkObjects: 2.216269 ms  DeleteObjects: 0.159302 ms)

========================================================================
Received Import Request.
  path: Assets/Scenes
  artifactKey: Guid(6b146565a7eac4825a1e9c7668819f53) Importer(815301076,1909f56bfc062723c751e8b465ee728b)
Start importing Assets/Scenes using Guid(6b146565a7eac4825a1e9c7668819f53) Importer(815301076,1909f56bfc062723c751e8b465ee728b)  -> (artifact id: 'f8468165180983c6efb4e33a23e25034') in 0.004165 seconds
  Import took 0.007794 seconds .

========================================================================
Received Import Request.
  Time since last request: 0.000226 seconds.
  path: Assets/Scripts
  artifactKey: Guid(c67e3731ba0604281870dc7dd75101d7) Importer(815301076,1909f56bfc062723c751e8b465ee728b)
Start importing Assets/Scripts using Guid(c67e3731ba0604281870dc7dd75101d7) Importer(815301076,1909f56bfc062723c751e8b465ee728b)  -> (artifact id: 'd9b3b8b045fd845eccc8eb1fa277e132') in 0.001708 seconds
  Import took 0.004948 seconds .

========================================================================
Received Import Request.
  Time since last request: 5.585527 seconds.
  path: Assets/Scenes/MainMenu.unity
  artifactKey: Guid(022ed6efdc3c442c9934082f9d0e879a) Importer(815301076,1909f56bfc062723c751e8b465ee728b)
Start importing Assets/Scenes/MainMenu.unity using Guid(022ed6efdc3c442c9934082f9d0e879a) Importer(815301076,1909f56bfc062723c751e8b465ee728b)  -> (artifact id: '899813d90be2963a98625cd7e68a29a6') in 0.011726 seconds
  Import took 0.016141 seconds .

========================================================================
Received Prepare
Registering precompiled user dll's ...
Registered in 0.001646 seconds.
Begin MonoManager ReloadAssembly
Native extension for LinuxStandalone target not found
Native extension for WindowsStandalone target not found
Native extension for OSXStandalone target not found
Native extension for WebGL target not found
Refreshing native plugins compatible for Editor in 0.34 ms, found 2 plugins.
Preloading 0 native plugins for Editor in 0.00 ms.
Mono: successfully reloaded assembly
- Completed reload, in  1.028 seconds
Platform modules already initialized, skipping
Refreshing native plugins compatible for Editor in 0.34 ms, found 2 plugins.
Preloading 0 native plugins for Editor in 0.00 ms.
Unloading 1816 Unused Serialized files (Serialized files now loaded: 0)
System memory in use before: 149.3 MB.
System memory in use after: 148.7 MB.

Unloading 25 unused Assets to reduce memory usage. Loaded Objects now: 2254.
Total: 2.243778 ms (FindLiveObjects: 0.170423 ms CreateObjectMapping: 0.060310 ms MarkObjects: 1.637611 ms  DeleteObjects: 0.374519 ms)

========================================================================
Received Prepare
Registering precompiled user dll's ...
Registered in 0.000671 seconds.
Begin MonoManager ReloadAssembly
Native extension for LinuxStandalone target not found
Native extension for WindowsStandalone target not found
Native extension for OSXStandalone target not found
Native extension for WebGL target not found
Refreshing native plugins compatible for Editor in 0.30 ms, found 2 plugins.
Preloading 0 native plugins for Editor in 0.00 ms.
Mono: successfully reloaded assembly
- Completed reload, in  0.950 seconds
Platform modules already initialized, skipping
Refreshing native plugins compatible for Editor in 0.30 ms, found 2 plugins.
Preloading 0 native plugins for Editor in 0.00 ms.
Unloading 1816 Unused Serialized files (Serialized files now loaded: 0)
System memory in use before: 149.6 MB.
System memory in use after: 148.9 MB.

Unloading 25 unused Assets to reduce memory usage. Loaded Objects now: 2258.
Total: 2.339154 ms (FindLiveObjects: 0.252064 ms CreateObjectMapping: 0.068381 ms MarkObjects: 1.604205 ms  DeleteObjects: 0.413264 ms)

========================================================================
Received Import Request.
  Time since last request: 264.873864 seconds.
  path: Assets/Scenes/SampleScene.unity
  artifactKey: Guid(2cda990e2423bbf4892e6590ba056729) Importer(815301076,1909f56bfc062723c751e8b465ee728b)
Start importing Assets/Scenes/SampleScene.unity using Guid(2cda990e2423bbf4892e6590ba056729) Importer(815301076,1909f56bfc062723c751e8b465ee728b)  -> (artifact id: 'caf595eaeb10e7fcd37cdd758b995f25') in 0.010956 seconds
  Import took 0.014399 seconds .

========================================================================
Received Import Request.
  Time since last request: 0.003391 seconds.
  path: Assets/Scenes/SampleScene.unity
  artifactKey: Guid(2cda990e2423bbf4892e6590ba056729) Importer(815301076,1909f56bfc062723c751e8b465ee728b)
Start importing Assets/Scenes/SampleScene.unity using Guid(2cda990e2423bbf4892e6590ba056729) Importer(815301076,1909f56bfc062723c751e8b465ee728b)  -> (artifact id: 'caf595eaeb10e7fcd37cdd758b995f25') in 0.001053 seconds
  Import took 0.003972 seconds .

========================================================================
Received Import Request.
  Time since last request: 1274.280750 seconds.
  path: Assets/Sprites
  artifactKey: Guid(170aa3f0b95674240a5a5645f5363c73) Importer(815301076,1909f56bfc062723c751e8b465ee728b)
Start importing Assets/Sprites using Guid(170aa3f0b95674240a5a5645f5363c73) Importer(815301076,1909f56bfc062723c751e8b465ee728b)  -> (artifact id: '695e05d1040c2c8cafc6aa0bd36b88c4') in 0.002786 seconds
  Import took 0.006781 seconds .

========================================================================
Received Import Request.
  Time since last request: 0.062718 seconds.
  path: Assets/Sprites/shipTest0.png
  artifactKey: Guid(c3634909409e34b0c9326020072feb41) Importer(815301076,1909f56bfc062723c751e8b465ee728b)
Start importing Assets/Sprites/shipTest0.png using Guid(c3634909409e34b0c9326020072feb41) Importer(815301076,1909f56bfc062723c751e8b465ee728b)  -> (artifact id: 'c7124aa88e8a6d255a5a72ce1028a54a') in 1.309877 seconds
  Import took 1.313292 seconds .

========================================================================
Received Import Request.
  Time since last request: 11.949735 seconds.
  path: Assets/Sprites/shipTest0.png
  artifactKey: Guid(c3634909409e34b0c9326020072feb41) Importer(815301076,1909f56bfc062723c751e8b465ee728b)
Start importing Assets/Sprites/shipTest0.png using Guid(c3634909409e34b0c9326020072feb41) Importer(815301076,1909f56bfc062723c751e8b465ee728b)  -> (artifact id: '55d02b2c5a171a93e7e38d3d642c5535') in 0.009405 seconds
  Import took 0.013873 seconds .

========================================================================
Received Import Request.
  Time since last request: 0.005408 seconds.
  path: Assets/Sprites/shipTest0.png
  artifactKey: Guid(c3634909409e34b0c9326020072feb41) Importer(815301076,1909f56bfc062723c751e8b465ee728b)
Start importing Assets/Sprites/shipTest0.png using Guid(c3634909409e34b0c9326020072feb41) Importer(815301076,1909f56bfc062723c751e8b465ee728b)  -> (artifact id: '55d02b2c5a171a93e7e38d3d642c5535') in 0.010570 seconds
  Import took 0.014421 seconds .

========================================================================
Received Prepare
Registering precompiled user dll's ...
Registered in 0.001204 seconds.
Begin MonoManager ReloadAssembly
Native extension for LinuxStandalone target not found
Native extension for WindowsStandalone target not found
Native extension for OSXStandalone target not found
Native extension for WebGL target not found
Refreshing native plugins compatible for Editor in 0.33 ms, found 2 plugins.
Preloading 0 native plugins for Editor in 0.00 ms.
Invalid AssetDatabase path: /Editor/EditorResources/cm_logo_sm.png. Use path relative to the project folder.
UnityEngine.StackTraceUtility:ExtractStackTrace () (at /Users/bokken/buildslave/unity/build/Runtime/Export/Scripting/StackTrace.cs:37)
UnityEditor.AssetDatabase:LoadAssetAtPath<UnityEngine.Texture2D> (string) (at /Users/bokken/buildslave/unity/build/Modules/AssetDatabase/Editor/ScriptBindings/AssetDatabase.bindings.cs:220)
Cinemachine.Editor.CinemachineSettings:get_CinemachineLogoTexture () (at Library/PackageCache/com.unity.cinemachine@2.6.10/Editor/Windows/CinemachineSettings.cs:205)
Cinemachine.Editor.CinemachineSettings:.cctor () (at Library/PackageCache/com.unity.cinemachine@2.6.10/Editor/Windows/CinemachineSettings.cs:237)
Cinemachine.CinemachineColliderPrefs:.cctor () (at Library/PackageCache/com.unity.cinemachine@2.6.10/Editor/Windows/CinemachineColliderPrefs.cs:61)
System.Runtime.CompilerServices.RuntimeHelpers:RunClassConstructor (System.RuntimeTypeHandle)
UnityEditor.EditorAssemblies:ProcessInitializeOnLoadAttributes (System.Type[]) (at /Users/bokken/buildslave/unity/build/Editor/Mono/EditorAssemblies.cs:114)

[Library/PackageCache/com.unity.cinemachine@2.6.10/Editor/Windows/CinemachineSettings.cs line 205]

Mono: successfully reloaded assembly
- Completed reload, in  0.999 seconds
Platform modules already initialized, skipping
Refreshing native plugins compatible for Editor in 0.40 ms, found 2 plugins.
Preloading 0 native plugins for Editor in 0.00 ms.
Unloading 1963 Unused Serialized files (Serialized files now loaded: 0)
System memory in use before: 164.1 MB.
System memory in use after: 163.4 MB.

Unloading 26 unused Assets to reduce memory usage. Loaded Objects now: 2414.
Total: 2.618486 ms (FindLiveObjects: 0.202571 ms CreateObjectMapping: 0.080791 ms MarkObjects: 1.924505 ms  DeleteObjects: 0.409450 ms)

